                      :-) GROMACS - gmx mdrun, 2024.3 (-:

Copyright 1991-2024 The GROMACS Authors.
GROMACS is free software; you can redistribute it and/or modify it
under the terms of the GNU Lesser General Public License
as published by the Free Software Foundation; either version 2.1
of the License, or (at your option) any later version.

                         Current GROMACS contributors:
       Mark Abraham           Andrey Alekseenko           Vladimir Basov      
      Cathrine Bergh            Eliane Briand               Ania Brown        
      Mahesh Doijade            Giacomo Fiorin          Stefan Fleischmann    
      Sergey Gorelov         Gilles Gouaillardet            Alan Gray         
     M. Eric Irrgang         Farzaneh Jalalypour            Joe Jordan        
     Carsten Kutzner           Justin A. Lemkul          Magnus Lundborg      
       Pascal Merz              Vedran Miletic            Dmitry Morozov      
       Julien Nabet              Szilard Pall        Andrea Pasquadibisceglie 
    Michele Pellegrino          Hubert Santuz             Roland Schulz       
     Tatiana Shugaeva          Alexey Shvetsov            Philip Turner       
     Alessandra Villa      Sebastian Wingbermuehle  

                         Previous GROMACS contributors:
        Emile Apol             Rossen Apostolov           James Barnett       
        Paul Bauer          Herman J.C. Berendsen          Par Bjelkmar       
      Christian Blau          Viacheslav Bolnykh            Kevin Boyd        
    Aldert van Buuren          Carlo Camilloni           Rudi van Drunen      
      Anton Feenstra           Oliver Fleetwood            Vytas Gapsys       
       Gaurav Garg             Gerrit Groenhof            Bert de Groot       
      Anca Hamuraru           Vincent Hindriksen          Victor Holanda      
     Aleksei Iupinov          Christoph Junghans        Prashanth Kanduri     
   Dimitrios Karkoulis           Peter Kasson             Sebastian Kehl      
     Sebastian Keller             Jiri Kraus               Per Larsson        
      Viveca Lindahl            Erik Marklund           Pieter Meulenhoff     
      Teemu Murtola              Sander Pronk             Michael Shirts      
      Alfons Sijbers            Balint Soproni         David van der Spoel    
      Peter Tieleman            Carsten Uphoff             Jon Vincent        
     Teemu Virolainen         Christian Wennberg           Maarten Wolf       
      Artem Zhmurov       

                  Coordinated by the GROMACS project leaders:
                           Berk Hess and Erik Lindahl

GROMACS:      gmx mdrun, version 2024.3
Executable:   /home/clean/soft/gromacs-2024.3/build/bin/gmx
Data prefix:  /home/clean/soft/gromacs-2024.3 (source tree)
Working dir:  /home/clean/MD
Process ID:   476061
Command line:
  gmx mdrun -v -deffnm nvt

GROMACS version:     2024.3
Precision:           mixed
Memory model:        64 bit
MPI library:         thread_mpi
OpenMP support:      enabled (GMX_OPENMP_MAX_THREADS = 128)
GPU support:         CUDA
NBNxM GPU setup:     super-cluster 2x2x2 / cluster 8
SIMD instructions:   AVX2_256
CPU FFT library:     fftw-3.3.8-sse2-avx-avx2-avx2_128
GPU FFT library:     cuFFT
Multi-GPU FFT:       none
RDTSCP usage:        enabled
TNG support:         enabled
Hwloc support:       disabled
Tracing support:     disabled
C compiler:          /home/clean/miniconda3/envs/MMPBSA/bin/cc GNU 9.5.0
C compiler flags:    -fexcess-precision=fast -funroll-all-loops -mavx2 -mfma -Wno-missing-field-initializers -O3 -DNDEBUG
C++ compiler:        /home/clean/miniconda3/envs/MMPBSA/bin/c++ GNU 9.5.0
C++ compiler flags:  -fexcess-precision=fast -funroll-all-loops -mavx2 -mfma -Wno-missing-field-initializers -Wno-cast-function-type-strict -fopenmp -O3 -DNDEBUG
BLAS library:        Internal
LAPACK library:      Internal
CUDA compiler:       /usr/local/cuda-12.6/bin/nvcc nvcc: NVIDIA (R) Cuda compiler driver;Copyright (c) 2005-2024 NVIDIA Corporation;Built on Tue_Oct_29_23:50:19_PDT_2024;Cuda compilation tools, release 12.6, V12.6.85;Build cuda_12.6.r12.6/compiler.35059454_0
CUDA compiler flags:-std=c++17;--generate-code=arch=compute_86,code=sm_86;-use_fast_math;-Xptxas;-warn-double-usage;-Xptxas;-Werror;;-Xcompiler;-fopenmp;-fexcess-precision=fast -funroll-all-loops -mavx2 -mfma -Wno-missing-field-initializers -Wno-cast-function-type-strict -fopenmp -O3 -DNDEBUG
CUDA driver:         12.70
CUDA runtime:        12.60


Running on 1 node with total 10 cores, 20 processing units, 1 compatible GPU
Hardware detected on host CHEN:
  CPU info:
    Vendor: Intel
    Brand:  12th Gen Intel(R) Core(TM) i7-12700H
    Family: 6   Model: 154   Stepping: 3
    Features: aes apic avx avx2 clfsh cmov cx8 cx16 f16c fma htt intel lahf mmx msr nonstop_tsc pcid pclmuldq pdpe1gb popcnt pse rdrnd rdtscp sha sse2 sse3 sse4.1 sse4.2 ssse3 tdt x2apic
  Hardware topology: Basic
    Packages, cores, and logical processors:
    [indices refer to OS logical processors]
      Package  0: [   0   1] [   2   3] [   4   5] [   6   7] [   8   9] [  10  11] [  12  13] [  14  15] [  16  17] [  18  19]
    CPU limit set by OS: -1   Recommended max number of threads: 20
  GPU info:
    Number of GPUs detected: 1
    #0: NVIDIA NVIDIA GeForce RTX 3070 Ti Laptop GPU, compute cap.: 8.6, ECC:  no, stat: compatible


++++ PLEASE READ AND CITE THE FOLLOWING REFERENCE ++++
M. J. Abraham, T. Murtola, R. Schulz, S. Páll, J. C. Smith, B. Hess, E.
Lindahl
GROMACS: High performance molecular simulations through multi-level
parallelism from laptops to supercomputers
SoftwareX 1 (2015) pp. 19-25
-------- -------- --- Thank You --- -------- --------


++++ PLEASE READ AND CITE THE FOLLOWING REFERENCE ++++
S. Páll, M. J. Abraham, C. Kutzner, B. Hess, E. Lindahl
Tackling Exascale Software Challenges in Molecular Dynamics Simulations with
GROMACS
In S. Markidis & E. Laure (Eds.), Solving Software Challenges for Exascale 8759 (2015) pp. 3-27
-------- -------- --- Thank You --- -------- --------


++++ PLEASE READ AND CITE THE FOLLOWING REFERENCE ++++
S. Pronk, S. Páll, R. Schulz, P. Larsson, P. Bjelkmar, R. Apostolov, M. R.
Shirts, J. C. Smith, P. M. Kasson, D. van der Spoel, B. Hess, and E. Lindahl
GROMACS 4.5: a high-throughput and highly parallel open source molecular
simulation toolkit
Bioinformatics 29 (2013) pp. 845-54
-------- -------- --- Thank You --- -------- --------


++++ PLEASE READ AND CITE THE FOLLOWING REFERENCE ++++
B. Hess and C. Kutzner and D. van der Spoel and E. Lindahl
GROMACS 4: Algorithms for highly efficient, load-balanced, and scalable
molecular simulation
J. Chem. Theory Comput. 4 (2008) pp. 435-447
-------- -------- --- Thank You --- -------- --------


++++ PLEASE READ AND CITE THE FOLLOWING REFERENCE ++++
D. van der Spoel, E. Lindahl, B. Hess, G. Groenhof, A. E. Mark and H. J. C.
Berendsen
GROMACS: Fast, Flexible and Free
J. Comp. Chem. 26 (2005) pp. 1701-1719
-------- -------- --- Thank You --- -------- --------


++++ PLEASE READ AND CITE THE FOLLOWING REFERENCE ++++
E. Lindahl and B. Hess and D. van der Spoel
GROMACS 3.0: A package for molecular simulation and trajectory analysis
J. Mol. Mod. 7 (2001) pp. 306-317
-------- -------- --- Thank You --- -------- --------


++++ PLEASE READ AND CITE THE FOLLOWING REFERENCE ++++
H. J. C. Berendsen, D. van der Spoel and R. van Drunen
GROMACS: A message-passing parallel molecular dynamics implementation
Comp. Phys. Comm. 91 (1995) pp. 43-56
-------- -------- --- Thank You --- -------- --------


++++ PLEASE CITE THE DOI FOR THIS VERSION OF GROMACS ++++
https://doi.org/10.5281/zenodo.13456374
-------- -------- --- Thank You --- -------- --------

Input Parameters:
   integrator                     = md
   tinit                          = 0
   dt                             = 0.002
   nsteps                         = 50000
   init-step                      = 0
   simulation-part                = 1
   mts                            = false
   mass-repartition-factor        = 1
   comm-mode                      = Linear
   nstcomm                        = 100
   bd-fric                        = 0
   ld-seed                        = -283115843
   emtol                          = 10
   emstep                         = 0.01
   niter                          = 20
   fcstep                         = 0
   nstcgsteep                     = 1000
   nbfgscorr                      = 10
   rtpi                           = 0.05
   nstxout                        = 0
   nstvout                        = 0
   nstfout                        = 0
   nstlog                         = 500
   nstcalcenergy                  = 100
   nstenergy                      = 500
   nstxout-compressed             = 500
   compressed-x-precision         = 1000
   cutoff-scheme                  = Verlet
   nstlist                        = 20
   pbc                            = xyz
   periodic-molecules             = false
   verlet-buffer-tolerance        = 0.005
   verlet-buffer-pressure-tolerance = 0.5
   rlist                          = 1.224
   coulombtype                    = PME
   coulomb-modifier               = Potential-shift
   rcoulomb-switch                = 0
   rcoulomb                       = 1.2
   epsilon-r                      = 1
   epsilon-rf                     = inf
   vdw-type                       = Cut-off
   vdw-modifier                   = Force-switch
   rvdw-switch                    = 1
   rvdw                           = 1.2
   DispCorr                       = No
   table-extension                = 1
   fourierspacing                 = 0.16
   fourier-nx                     = 96
   fourier-ny                     = 96
   fourier-nz                     = 96
   pme-order                      = 4
   ewald-rtol                     = 1e-05
   ewald-rtol-lj                  = 0.001
   lj-pme-comb-rule               = Geometric
   ewald-geometry                 = 3d
   epsilon-surface                = 0
   ensemble-temperature-setting   = constant
   ensemble-temperature           = 300
   tcoupl                         = V-rescale
   nsttcouple                     = 10
   nh-chain-length                = 0
   print-nose-hoover-chain-variables = false
   pcoupl                         = No
   refcoord-scaling               = No
   posres-com (3):
      posres-com[0]= 0.00000e+00
      posres-com[1]= 0.00000e+00
      posres-com[2]= 0.00000e+00
   posres-comB (3):
      posres-comB[0]= 0.00000e+00
      posres-comB[1]= 0.00000e+00
      posres-comB[2]= 0.00000e+00
   QMMM                           = false
qm-opts:
   ngQM                           = 0
   constraint-algorithm           = Lincs
   continuation                   = false
   Shake-SOR                      = false
   shake-tol                      = 0.0001
   lincs-order                    = 4
   lincs-iter                     = 1
   lincs-warnangle                = 30
   nwall                          = 0
   wall-type                      = 9-3
   wall-r-linpot                  = -1
   wall-atomtype[0]               = -1
   wall-atomtype[1]               = -1
   wall-density[0]                = 0
   wall-density[1]                = 0
   wall-ewald-zfac                = 3
   pull                           = false
   awh                            = false
   rotation                       = false
   interactiveMD                  = false
   disre                          = No
   disre-weighting                = Conservative
   disre-mixed                    = false
   dr-fc                          = 1000
   dr-tau                         = 0
   nstdisreout                    = 100
   orire-fc                       = 0
   orire-tau                      = 0
   nstorireout                    = 100
   free-energy                    = no
   cos-acceleration               = 0
   deform (3x3):
      deform[    0]={ 0.00000e+00,  0.00000e+00,  0.00000e+00}
      deform[    1]={ 0.00000e+00,  0.00000e+00,  0.00000e+00}
      deform[    2]={ 0.00000e+00,  0.00000e+00,  0.00000e+00}
   simulated-tempering            = false
   swapcoords                     = no
   userint1                       = 0
   userint2                       = 0
   userint3                       = 0
   userint4                       = 0
   userreal1                      = 0
   userreal2                      = 0
   userreal3                      = 0
   userreal4                      = 0
   applied-forces:
     electric-field:
       x:
         E0                       = 0
         omega                    = 0
         t0                       = 0
         sigma                    = 0
       y:
         E0                       = 0
         omega                    = 0
         t0                       = 0
         sigma                    = 0
       z:
         E0                       = 0
         omega                    = 0
         t0                       = 0
         sigma                    = 0
     density-guided-simulation:
       active                     = false
       group                      = protein
       similarity-measure         = inner-product
       atom-spreading-weight      = unity
       force-constant             = 1e+09
       gaussian-transform-spreading-width = 0.2
       gaussian-transform-spreading-range-in-multiples-of-width = 4
       reference-density-filename = reference.mrc
       nst                        = 1
       normalize-densities        = true
       adaptive-force-scaling     = false
       adaptive-force-scaling-time-constant = 4
       shift-vector               = 
       transformation-matrix      = 
     qmmm-cp2k:
       active                     = false
       qmgroup                    = System
       qmmethod                   = PBE
       qmfilenames                = 
       qmcharge                   = 0
       qmmultiplicity             = 1
     colvars:
       active                     = false
       configfile                 = 
       seed                       = -1
grpopts:
   nrdf:     5691.95      331599
   ref-t:         300         300
   tau-t:         0.1         0.1
annealing:          No          No
annealing-npoints:           0           0
   acc:	           0           0           0
   nfreeze:           N           N           N
   energygrp-flags[  0]: 0

Changing nstlist from 20 to 100, rlist from 1.224 to 1.348

Update groups can not be used for this system because atoms that are (in)directly constrained together are interdispersed with other atoms

1 GPU selected for this run.
Mapping of GPU IDs to the 2 GPU tasks in the 1 rank on this node:
  PP:0,PME:0
PP tasks will do (non-perturbed) short-ranged interactions on the GPU
PP task will update and constrain coordinates on the GPU
PME tasks will do all aspects on the GPU
Using 1 MPI thread
Using 20 OpenMP threads 

System total charge: 0.000
Will do PME sum in reciprocal space for electrostatic interactions.

++++ PLEASE READ AND CITE THE FOLLOWING REFERENCE ++++
U. Essmann, L. Perera, M. L. Berkowitz, T. Darden, H. Lee and L. G. Pedersen 
A smooth particle mesh Ewald method
J. Chem. Phys. 103 (1995) pp. 8577-8592
-------- -------- --- Thank You --- -------- --------

Using a Gaussian width (1/beta) of 0.384195 nm for Ewald
Potential shift: LJ r^-12: -2.648e-01 r^-6: -5.349e-01, Ewald -8.333e-06
Initialized non-bonded Coulomb Ewald tables, spacing: 1.02e-03 size: 1176

Generated table with 1174 data points for 1-4 COUL.
Tabscale = 500 points/nm
Generated table with 1174 data points for 1-4 LJ6.
Tabscale = 500 points/nm
Generated table with 1174 data points for 1-4 LJ12.
Tabscale = 500 points/nm


Using GPU 8x8 nonbonded short-range kernels

Using a dual 8x8 pair-list setup updated with dynamic, rolling pruning:
  outer list: updated every 100 steps, buffer 0.148 nm, rlist 1.348 nm
  inner list: updated every  12 steps, buffer 0.005 nm, rlist 1.205 nm
At tolerance 0.005 kJ/mol/ps per atom, equivalent classical 1x1 list would be:
  outer list: updated every 100 steps, buffer 0.300 nm, rlist 1.500 nm
  inner list: updated every  12 steps, buffer 0.054 nm, rlist 1.254 nm

The average pressure is off by at most 0.22 bar due to missing LJ interactions
Removing pbc first time

Pinning threads with an auto-selected logical cpu stride of 1

Initializing LINear Constraint Solver

++++ PLEASE READ AND CITE THE FOLLOWING REFERENCE ++++
B. Hess and H. Bekker and H. J. C. Berendsen and J. G. E. M. Fraaije
LINCS: A Linear Constraint Solver for molecular simulations
J. Comp. Chem. 18 (1997) pp. 1463-1472
-------- -------- --- Thank You --- -------- --------

The number of constraints is 1034

++++ PLEASE READ AND CITE THE FOLLOWING REFERENCE ++++
S. Miyamoto and P. A. Kollman
SETTLE: An Analytical Version of the SHAKE and RATTLE Algorithms for Rigid
Water Models
J. Comp. Chem. 13 (1992) pp. 952-962
-------- -------- --- Thank You --- -------- --------


++++ PLEASE READ AND CITE THE FOLLOWING REFERENCE ++++
G. Bussi, D. Donadio and M. Parrinello
Canonical sampling through velocity rescaling
J. Chem. Phys. 126 (2007) pp. 014101
-------- -------- --- Thank You --- -------- --------

There are: 168043 Atoms

Updating coordinates and applying constraints on the GPU.

Constraining the starting coordinates (step 0)

Constraining the coordinates at t0-dt (step 0)
Center of mass motion removal mode is Linear
We have the following groups for center of mass motion removal:
  0:  rest
RMS relative constraint deviation after constraining: 4.13e-06
Initial temperature: 299.723 K

Started mdrun on rank 0 Fri Jun  6 00:02:04 2025

           Step           Time
              0        0.00000

   Energies (kJ/mol)
           Bond            U-B    Proper Dih.  Improper Dih.      CMAP Dih.
    4.98494e+02    1.92450e+03    5.25691e+03    1.04556e+02   -1.21777e+03
          LJ-14     Coulomb-14        LJ (SR)   Coulomb (SR)   Coul. recip.
    1.06612e+03    6.80933e+04    2.97267e+05   -3.08516e+06    3.68286e+03
 Position Rest.      Potential    Kinetic En.   Total Energy  Conserved En.
    8.29646e-04   -2.70848e+06    4.20294e+05   -2.28819e+06   -2.28819e+06
    Temperature Pressure (bar)   Constr. rmsd
    2.99740e+02   -4.49802e+03    4.12644e-06

           Step           Time
            500        1.00000

   Energies (kJ/mol)
           Bond            U-B    Proper Dih.  Improper Dih.      CMAP Dih.
    1.84015e+03    5.04659e+03    5.67099e+03    3.78349e+02   -1.21382e+03
          LJ-14     Coulomb-14        LJ (SR)   Coulomb (SR)   Coul. recip.
    1.33963e+03    6.80425e+04    2.46902e+05   -2.58297e+06    7.58048e+03
 Position Rest.      Potential    Kinetic En.   Total Energy  Conserved En.
    9.48754e+02   -2.24643e+06    4.12958e+05   -1.83347e+06   -2.28528e+06
    Temperature Pressure (bar)   Constr. rmsd
    2.94508e+02   -5.79824e+02    4.12644e-06

           Step           Time
           1000        2.00000

   Energies (kJ/mol)
           Bond            U-B    Proper Dih.  Improper Dih.      CMAP Dih.
    1.94505e+03    4.95095e+03    5.62135e+03    4.23841e+02   -1.25557e+03
          LJ-14     Coulomb-14        LJ (SR)   Coulomb (SR)   Coul. recip.
    1.25947e+03    6.78804e+04    2.40431e+05   -2.56068e+06    7.77687e+03
 Position Rest.      Potential    Kinetic En.   Total Energy  Conserved En.
    8.90067e+02   -2.23076e+06    4.19812e+05   -1.81095e+06   -2.28530e+06
    Temperature Pressure (bar)   Constr. rmsd
    2.99396e+02   -6.71591e+02    4.12644e-06

           Step           Time
           1500        3.00000

   Energies (kJ/mol)
           Bond            U-B    Proper Dih.  Improper Dih.      CMAP Dih.
    1.93653e+03    5.25447e+03    5.64190e+03    3.77017e+02   -1.29310e+03
          LJ-14     Coulomb-14        LJ (SR)   Coulomb (SR)   Coul. recip.
    1.20107e+03    6.77861e+04    2.37000e+05   -2.55441e+06    7.77347e+03
 Position Rest.      Potential    Kinetic En.   Total Energy  Conserved En.
    9.02175e+02   -2.22783e+06    4.19797e+05   -1.80803e+06   -2.28528e+06
    Temperature Pressure (bar)   Constr. rmsd
    2.99385e+02   -4.02379e+02    4.12644e-06

step 1600: timed with pme grid 96 96 96, coulomb cutoff 1.200: 829.1 M-cycles
step 1800: timed with pme grid 80 80 80, coulomb cutoff 1.262: 803.1 M-cycles
step 2000: timed with pme grid 72 72 72, coulomb cutoff 1.402: 930.7 M-cycles
           Step           Time
           2000        4.00000

   Energies (kJ/mol)
           Bond            U-B    Proper Dih.  Improper Dih.      CMAP Dih.
    1.98722e+03    5.11824e+03    5.49373e+03    4.23340e+02   -1.20118e+03
          LJ-14     Coulomb-14        LJ (SR)   Coulomb (SR)   Coul. recip.
    1.27555e+03    6.80442e+04    2.40717e+05   -2.55980e+06    6.65334e+03
 Position Rest.      Potential    Kinetic En.   Total Energy  Conserved En.
    9.14471e+02   -2.23038e+06    4.20426e+05   -1.80995e+06   -2.28525e+06
    Temperature Pressure (bar)   Constr. rmsd
    2.99834e+02   -3.87796e+02    4.12644e-06

step 2200: timed with pme grid 80 80 80, coulomb cutoff 1.262: 746.0 M-cycles
step 2400: timed with pme grid 84 84 84, coulomb cutoff 1.202: 747.6 M-cycles
           Step           Time
           2500        5.00000

   Energies (kJ/mol)
           Bond            U-B    Proper Dih.  Improper Dih.      CMAP Dih.
    1.99750e+03    4.90106e+03    5.60831e+03    4.08070e+02   -1.25084e+03
          LJ-14     Coulomb-14        LJ (SR)   Coulomb (SR)   Coul. recip.
    1.26303e+03    6.79723e+04    2.37835e+05   -2.55990e+06    7.61514e+03
 Position Rest.      Potential    Kinetic En.   Total Energy  Conserved En.
    8.99056e+02   -2.23265e+06    4.22508e+05   -1.81015e+06   -2.28529e+06
    Temperature Pressure (bar)   Constr. rmsd
    3.01318e+02   -6.97209e+02    4.12644e-06

step 2600: timed with pme grid 96 96 96, coulomb cutoff 1.200: 758.8 M-cycles
step 2800: timed with pme grid 80 80 80, coulomb cutoff 1.262: 1006.6 M-cycles
step 3000: timed with pme grid 84 84 84, coulomb cutoff 1.202: 713.3 M-cycles
           Step           Time
           3000        6.00000

   Energies (kJ/mol)
           Bond            U-B    Proper Dih.  Improper Dih.      CMAP Dih.
    2.00290e+03    5.00631e+03    5.47422e+03    4.30193e+02   -1.28931e+03
          LJ-14     Coulomb-14        LJ (SR)   Coulomb (SR)   Coul. recip.
    1.24916e+03    6.80222e+04    2.39626e+05   -2.56279e+06    7.79699e+03
 Position Rest.      Potential    Kinetic En.   Total Energy  Conserved En.
    9.42924e+02   -2.23352e+06    4.18394e+05   -1.81513e+06   -2.28525e+06
    Temperature Pressure (bar)   Constr. rmsd
    2.98385e+02   -5.24769e+02    4.12644e-06

step 3200: timed with pme grid 96 96 96, coulomb cutoff 1.200: 780.7 M-cycles
step 3400: timed with pme grid 80 80 80, coulomb cutoff 1.262: 936.7 M-cycles
           Step           Time
           3500        7.00000

   Energies (kJ/mol)
           Bond            U-B    Proper Dih.  Improper Dih.      CMAP Dih.
    1.94021e+03    5.06402e+03    5.48825e+03    3.97601e+02   -1.30436e+03
          LJ-14     Coulomb-14        LJ (SR)   Coulomb (SR)   Coul. recip.
    1.27962e+03    6.82835e+04    2.38961e+05   -2.55953e+06    7.60662e+03
 Position Rest.      Potential    Kinetic En.   Total Energy  Conserved En.
    8.78507e+02   -2.23094e+06    4.18776e+05   -1.81216e+06   -2.28520e+06
    Temperature Pressure (bar)   Constr. rmsd
    2.98657e+02   -3.65877e+02    4.12644e-06

step 3600: timed with pme grid 84 84 84, coulomb cutoff 1.202: 767.3 M-cycles
step 3800: timed with pme grid 96 96 96, coulomb cutoff 1.200: 810.5 M-cycles
              optimal pme grid 84 84 84, coulomb cutoff 1.202
           Step           Time
           4000        8.00000

   Energies (kJ/mol)
           Bond            U-B    Proper Dih.  Improper Dih.      CMAP Dih.
    1.94573e+03    5.06374e+03    5.47968e+03    4.19821e+02   -1.28725e+03
          LJ-14     Coulomb-14        LJ (SR)   Coulomb (SR)   Coul. recip.
    1.24170e+03    6.80342e+04    2.41684e+05   -2.56399e+06    7.54390e+03
 Position Rest.      Potential    Kinetic En.   Total Energy  Conserved En.
    9.05414e+02   -2.23296e+06    4.19657e+05   -1.81330e+06   -2.28521e+06
    Temperature Pressure (bar)   Constr. rmsd
    2.99286e+02   -5.92678e+02    4.12644e-06

           Step           Time
           4500        9.00000

   Energies (kJ/mol)
           Bond            U-B    Proper Dih.  Improper Dih.      CMAP Dih.
    2.02450e+03    5.13955e+03    5.50300e+03    4.65864e+02   -1.25531e+03
          LJ-14     Coulomb-14        LJ (SR)   Coulomb (SR)   Coul. recip.
    1.18812e+03    6.81388e+04    2.38463e+05   -2.56217e+06    7.69915e+03
 Position Rest.      Potential    Kinetic En.   Total Energy  Conserved En.
    8.78007e+02   -2.23392e+06    4.22696e+05   -1.81122e+06   -2.28523e+06
    Temperature Pressure (bar)   Constr. rmsd
    3.01453e+02   -5.80705e+02    4.12644e-06

           Step           Time
           5000       10.00000

   Energies (kJ/mol)
           Bond            U-B    Proper Dih.  Improper Dih.      CMAP Dih.
    1.95637e+03    4.97598e+03    5.46557e+03    4.44141e+02   -1.26567e+03
          LJ-14     Coulomb-14        LJ (SR)   Coulomb (SR)   Coul. recip.
    1.31537e+03    6.83322e+04    2.38853e+05   -2.56090e+06    7.75072e+03
 Position Rest.      Potential    Kinetic En.   Total Energy  Conserved En.
    9.26542e+02   -2.23215e+06    4.21402e+05   -1.81074e+06   -2.28521e+06
    Temperature Pressure (bar)   Constr. rmsd
    3.00530e+02   -5.90838e+02    4.12644e-06

           Step           Time
           5500       11.00000

   Energies (kJ/mol)
           Bond            U-B    Proper Dih.  Improper Dih.      CMAP Dih.
    1.94193e+03    5.13117e+03    5.50696e+03    4.40750e+02   -1.29446e+03
          LJ-14     Coulomb-14        LJ (SR)   Coulomb (SR)   Coul. recip.
    1.29142e+03    6.80903e+04    2.40258e+05   -2.56241e+06    7.70247e+03
 Position Rest.      Potential    Kinetic En.   Total Energy  Conserved En.
    8.51214e+02   -2.23249e+06    4.20230e+05   -1.81226e+06   -2.28518e+06
    Temperature Pressure (bar)   Constr. rmsd
    2.99694e+02   -5.50108e+02    4.12644e-06

           Step           Time
           6000       12.00000

   Energies (kJ/mol)
           Bond            U-B    Proper Dih.  Improper Dih.      CMAP Dih.
    2.06871e+03    4.99401e+03    5.54779e+03    4.24294e+02   -1.31084e+03
          LJ-14     Coulomb-14        LJ (SR)   Coulomb (SR)   Coul. recip.
    1.28117e+03    6.82977e+04    2.40479e+05   -2.55992e+06    7.72510e+03
 Position Rest.      Potential    Kinetic En.   Total Energy  Conserved En.
    8.62477e+02   -2.22955e+06    4.20799e+05   -1.80875e+06   -2.28519e+06
    Temperature Pressure (bar)   Constr. rmsd
    3.00100e+02   -5.18253e+02    4.12644e-06

           Step           Time
           6500       13.00000

   Energies (kJ/mol)
           Bond            U-B    Proper Dih.  Improper Dih.      CMAP Dih.
    2.02793e+03    4.91701e+03    5.44444e+03    4.80922e+02   -1.29444e+03
          LJ-14     Coulomb-14        LJ (SR)   Coulomb (SR)   Coul. recip.
    1.23342e+03    6.84414e+04    2.40018e+05   -2.56048e+06    7.63902e+03
 Position Rest.      Potential    Kinetic En.   Total Energy  Conserved En.
    8.73441e+02   -2.23070e+06    4.21354e+05   -1.80934e+06   -2.28519e+06
    Temperature Pressure (bar)   Constr. rmsd
    3.00496e+02   -5.76387e+02    4.12644e-06

           Step           Time
           7000       14.00000

   Energies (kJ/mol)
           Bond            U-B    Proper Dih.  Improper Dih.      CMAP Dih.
    1.89471e+03    5.10071e+03    5.45313e+03    4.14469e+02   -1.29346e+03
          LJ-14     Coulomb-14        LJ (SR)   Coulomb (SR)   Coul. recip.
    1.27252e+03    6.81177e+04    2.38944e+05   -2.55660e+06    7.77287e+03
 Position Rest.      Potential    Kinetic En.   Total Energy  Conserved En.
    8.71494e+02   -2.22805e+06    4.21060e+05   -1.80699e+06   -2.28519e+06
    Temperature Pressure (bar)   Constr. rmsd
    3.00286e+02   -4.59320e+02    4.12644e-06

           Step           Time
           7500       15.00000

   Energies (kJ/mol)
           Bond            U-B    Proper Dih.  Improper Dih.      CMAP Dih.
    1.91571e+03    5.19922e+03    5.50540e+03    4.73005e+02   -1.30764e+03
          LJ-14     Coulomb-14        LJ (SR)   Coulomb (SR)   Coul. recip.
    1.30672e+03    6.82567e+04    2.37759e+05   -2.55683e+06    7.69903e+03
 Position Rest.      Potential    Kinetic En.   Total Energy  Conserved En.
    9.67169e+02   -2.22905e+06    4.21197e+05   -1.80785e+06   -2.28515e+06
    Temperature Pressure (bar)   Constr. rmsd
    3.00384e+02   -5.38284e+02    4.12644e-06

           Step           Time
           8000       16.00000

   Energies (kJ/mol)
           Bond            U-B    Proper Dih.  Improper Dih.      CMAP Dih.
    1.95371e+03    5.30296e+03    5.53413e+03    4.26455e+02   -1.24986e+03
          LJ-14     Coulomb-14        LJ (SR)   Coulomb (SR)   Coul. recip.
    1.26301e+03    6.82482e+04    2.38748e+05   -2.55938e+06    7.87852e+03
 Position Rest.      Potential    Kinetic En.   Total Energy  Conserved En.
    8.75275e+02   -2.23040e+06    4.22257e+05   -1.80814e+06   -2.28515e+06
    Temperature Pressure (bar)   Constr. rmsd
    3.01139e+02   -4.99378e+02    4.12644e-06

           Step           Time
           8500       17.00000

   Energies (kJ/mol)
           Bond            U-B    Proper Dih.  Improper Dih.      CMAP Dih.
    1.95388e+03    5.14063e+03    5.47595e+03    4.05217e+02   -1.29429e+03
          LJ-14     Coulomb-14        LJ (SR)   Coulomb (SR)   Coul. recip.
    1.29279e+03    6.82713e+04    2.39653e+05   -2.55944e+06    7.69165e+03
 Position Rest.      Potential    Kinetic En.   Total Energy  Conserved En.
    9.22916e+02   -2.22993e+06    4.20327e+05   -1.80960e+06   -2.28514e+06
    Temperature Pressure (bar)   Constr. rmsd
    2.99763e+02   -4.94146e+02    4.12644e-06

           Step           Time
           9000       18.00000

   Energies (kJ/mol)
           Bond            U-B    Proper Dih.  Improper Dih.      CMAP Dih.
    2.03378e+03    5.24573e+03    5.42082e+03    4.47622e+02   -1.27285e+03
          LJ-14     Coulomb-14        LJ (SR)   Coulomb (SR)   Coul. recip.
    1.25218e+03    6.82370e+04    2.38185e+05   -2.55934e+06    7.79039e+03
 Position Rest.      Potential    Kinetic En.   Total Energy  Conserved En.
    8.97373e+02   -2.23110e+06    4.20489e+05   -1.81061e+06   -2.28511e+06
    Temperature Pressure (bar)   Constr. rmsd
    2.99879e+02   -4.15116e+02    4.12644e-06

           Step           Time
           9500       19.00000

   Energies (kJ/mol)
           Bond            U-B    Proper Dih.  Improper Dih.      CMAP Dih.
    1.86935e+03    5.04423e+03    5.43922e+03    4.45622e+02   -1.30048e+03
          LJ-14     Coulomb-14        LJ (SR)   Coulomb (SR)   Coul. recip.
    1.33768e+03    6.82990e+04    2.39673e+05   -2.56210e+06    7.41510e+03
 Position Rest.      Potential    Kinetic En.   Total Energy  Conserved En.
    8.65727e+02   -2.23301e+06    4.20524e+05   -1.81248e+06   -2.28511e+06
    Temperature Pressure (bar)   Constr. rmsd
    2.99903e+02   -3.24310e+02    4.12644e-06

           Step           Time
          10000       20.00000

   Energies (kJ/mol)
           Bond            U-B    Proper Dih.  Improper Dih.      CMAP Dih.
    1.93903e+03    5.24264e+03    5.42760e+03    3.97699e+02   -1.26638e+03
          LJ-14     Coulomb-14        LJ (SR)   Coulomb (SR)   Coul. recip.
    1.17519e+03    6.81141e+04    2.37763e+05   -2.55776e+06    7.66129e+03
 Position Rest.      Potential    Kinetic En.   Total Energy  Conserved En.
    8.52864e+02   -2.23045e+06    4.21359e+05   -1.80909e+06   -2.28514e+06
    Temperature Pressure (bar)   Constr. rmsd
    3.00499e+02   -7.34459e+02    4.12644e-06

           Step           Time
          10500       21.00000

   Energies (kJ/mol)
           Bond            U-B    Proper Dih.  Improper Dih.      CMAP Dih.
    1.89195e+03    5.06474e+03    5.45573e+03    4.03361e+02   -1.28864e+03
          LJ-14     Coulomb-14        LJ (SR)   Coulomb (SR)   Coul. recip.
    1.24915e+03    6.81337e+04    2.37966e+05   -2.56022e+06    7.75283e+03
 Position Rest.      Potential    Kinetic En.   Total Energy  Conserved En.
    8.37587e+02   -2.23275e+06    4.19178e+05   -1.81358e+06   -2.28512e+06
    Temperature Pressure (bar)   Constr. rmsd
    2.98944e+02   -7.28059e+02    4.12644e-06

           Step           Time
          11000       22.00000

   Energies (kJ/mol)
           Bond            U-B    Proper Dih.  Improper Dih.      CMAP Dih.
    1.92881e+03    4.96124e+03    5.46748e+03    3.94700e+02   -1.22749e+03
          LJ-14     Coulomb-14        LJ (SR)   Coulomb (SR)   Coul. recip.
    1.27915e+03    6.83826e+04    2.37436e+05   -2.56026e+06    7.46001e+03
 Position Rest.      Potential    Kinetic En.   Total Energy  Conserved En.
    9.16481e+02   -2.23326e+06    4.20321e+05   -1.81293e+06   -2.28514e+06
    Temperature Pressure (bar)   Constr. rmsd
    2.99759e+02   -6.25717e+02    4.12644e-06

           Step           Time
          11500       23.00000

   Energies (kJ/mol)
           Bond            U-B    Proper Dih.  Improper Dih.      CMAP Dih.
    2.14294e+03    5.07921e+03    5.37627e+03    4.10785e+02   -1.22906e+03
          LJ-14     Coulomb-14        LJ (SR)   Coulomb (SR)   Coul. recip.
    1.22650e+03    6.82028e+04    2.40298e+05   -2.56203e+06    7.70111e+03
 Position Rest.      Potential    Kinetic En.   Total Energy  Conserved En.
    7.84322e+02   -2.23204e+06    4.20514e+05   -1.81153e+06   -2.28508e+06
    Temperature Pressure (bar)   Constr. rmsd
    2.99896e+02   -5.79669e+02    4.12644e-06

           Step           Time
          12000       24.00000

   Energies (kJ/mol)
           Bond            U-B    Proper Dih.  Improper Dih.      CMAP Dih.
    1.92447e+03    5.07698e+03    5.43213e+03    4.28459e+02   -1.30115e+03
          LJ-14     Coulomb-14        LJ (SR)   Coulomb (SR)   Coul. recip.
    1.27681e+03    6.81157e+04    2.36200e+05   -2.55676e+06    7.71532e+03
 Position Rest.      Potential    Kinetic En.   Total Energy  Conserved En.
    8.35277e+02   -2.23106e+06    4.19166e+05   -1.81189e+06   -2.28510e+06
    Temperature Pressure (bar)   Constr. rmsd
    2.98935e+02   -5.27942e+02    4.12644e-06

           Step           Time
          12500       25.00000

   Energies (kJ/mol)
           Bond            U-B    Proper Dih.  Improper Dih.      CMAP Dih.
    1.94904e+03    5.01353e+03    5.41953e+03    4.21255e+02   -1.35476e+03
          LJ-14     Coulomb-14        LJ (SR)   Coulomb (SR)   Coul. recip.
    1.27812e+03    6.82774e+04    2.37063e+05   -2.55973e+06    7.73061e+03
 Position Rest.      Potential    Kinetic En.   Total Energy  Conserved En.
    8.51893e+02   -2.23308e+06    4.19338e+05   -1.81374e+06   -2.28509e+06
    Temperature Pressure (bar)   Constr. rmsd
    2.99058e+02   -5.86177e+02    4.12644e-06

           Step           Time
          13000       26.00000

   Energies (kJ/mol)
           Bond            U-B    Proper Dih.  Improper Dih.      CMAP Dih.
    1.90857e+03    4.94193e+03    5.50796e+03    4.51664e+02   -1.25430e+03
          LJ-14     Coulomb-14        LJ (SR)   Coulomb (SR)   Coul. recip.
    1.23919e+03    6.82541e+04    2.36664e+05   -2.55895e+06    7.61644e+03
 Position Rest.      Potential    Kinetic En.   Total Energy  Conserved En.
    7.95207e+02   -2.23283e+06    4.19035e+05   -1.81379e+06   -2.28508e+06
    Temperature Pressure (bar)   Constr. rmsd
    2.98842e+02   -6.64542e+02    4.12644e-06

           Step           Time
          13500       27.00000

   Energies (kJ/mol)
           Bond            U-B    Proper Dih.  Improper Dih.      CMAP Dih.
    1.98154e+03    5.15887e+03    5.41218e+03    4.59899e+02   -1.26694e+03
          LJ-14     Coulomb-14        LJ (SR)   Coulomb (SR)   Coul. recip.
    1.25839e+03    6.81016e+04    2.39624e+05   -2.56100e+06    7.70833e+03
 Position Rest.      Potential    Kinetic En.   Total Energy  Conserved En.
    8.63319e+02   -2.23170e+06    4.20329e+05   -1.81137e+06   -2.28507e+06
    Temperature Pressure (bar)   Constr. rmsd
    2.99765e+02   -4.66901e+02    4.12644e-06

           Step           Time
          14000       28.00000

   Energies (kJ/mol)
           Bond            U-B    Proper Dih.  Improper Dih.      CMAP Dih.
    2.01825e+03    5.22480e+03    5.42681e+03    4.28384e+02   -1.35395e+03
          LJ-14     Coulomb-14        LJ (SR)   Coulomb (SR)   Coul. recip.
    1.28434e+03    6.80526e+04    2.39038e+05   -2.55978e+06    7.85528e+03
 Position Rest.      Potential    Kinetic En.   Total Energy  Conserved En.
    8.40623e+02   -2.23096e+06    4.21740e+05   -1.80922e+06   -2.28508e+06
    Temperature Pressure (bar)   Constr. rmsd
    3.00771e+02   -3.05495e+02    4.12644e-06

           Step           Time
          14500       29.00000

   Energies (kJ/mol)
           Bond            U-B    Proper Dih.  Improper Dih.      CMAP Dih.
    1.94063e+03    5.02258e+03    5.47470e+03    4.07024e+02   -1.24148e+03
          LJ-14     Coulomb-14        LJ (SR)   Coulomb (SR)   Coul. recip.
    1.25377e+03    6.81286e+04    2.36532e+05   -2.55820e+06    7.70843e+03
 Position Rest.      Potential    Kinetic En.   Total Energy  Conserved En.
    8.38904e+02   -2.23214e+06    4.20147e+05   -1.81199e+06   -2.28506e+06
    Temperature Pressure (bar)   Constr. rmsd
    2.99635e+02   -5.27869e+02    4.12644e-06

           Step           Time
          15000       30.00000

   Energies (kJ/mol)
           Bond            U-B    Proper Dih.  Improper Dih.      CMAP Dih.
    2.03545e+03    5.00469e+03    5.52008e+03    4.19825e+02   -1.23182e+03
          LJ-14     Coulomb-14        LJ (SR)   Coulomb (SR)   Coul. recip.
    1.29159e+03    6.82285e+04    2.39805e+05   -2.56087e+06    7.73477e+03
 Position Rest.      Potential    Kinetic En.   Total Energy  Conserved En.
    8.68496e+02   -2.23119e+06    4.19672e+05   -1.81152e+06   -2.28506e+06
    Temperature Pressure (bar)   Constr. rmsd
    2.99296e+02   -6.30473e+02    4.12644e-06

           Step           Time
          15500       31.00000

   Energies (kJ/mol)
           Bond            U-B    Proper Dih.  Improper Dih.      CMAP Dih.
    2.02656e+03    5.19459e+03    5.56005e+03    4.15016e+02   -1.34498e+03
          LJ-14     Coulomb-14        LJ (SR)   Coulomb (SR)   Coul. recip.
    1.23267e+03    6.82006e+04    2.40319e+05   -2.56181e+06    7.87708e+03
 Position Rest.      Potential    Kinetic En.   Total Energy  Conserved En.
    9.05716e+02   -2.23142e+06    4.21983e+05   -1.80944e+06   -2.28503e+06
    Temperature Pressure (bar)   Constr. rmsd
    3.00944e+02   -4.27398e+02    4.12644e-06

           Step           Time
          16000       32.00000

   Energies (kJ/mol)
           Bond            U-B    Proper Dih.  Improper Dih.      CMAP Dih.
    2.01028e+03    5.13112e+03    5.49585e+03    4.01135e+02   -1.26799e+03
          LJ-14     Coulomb-14        LJ (SR)   Coulomb (SR)   Coul. recip.
    1.23173e+03    6.80842e+04    2.36693e+05   -2.55679e+06    7.59689e+03
 Position Rest.      Potential    Kinetic En.   Total Energy  Conserved En.
    8.76148e+02   -2.23053e+06    4.19456e+05   -1.81108e+06   -2.28506e+06
    Temperature Pressure (bar)   Constr. rmsd
    2.99142e+02   -7.61276e+02    4.12644e-06

           Step           Time
          16500       33.00000

   Energies (kJ/mol)
           Bond            U-B    Proper Dih.  Improper Dih.      CMAP Dih.
    1.95902e+03    5.17694e+03    5.42907e+03    3.98312e+02   -1.30629e+03
          LJ-14     Coulomb-14        LJ (SR)   Coulomb (SR)   Coul. recip.
    1.23080e+03    6.80705e+04    2.38542e+05   -2.56022e+06    7.70129e+03
 Position Rest.      Potential    Kinetic En.   Total Energy  Conserved En.
    9.23404e+02   -2.23210e+06    4.19646e+05   -1.81245e+06   -2.28503e+06
    Temperature Pressure (bar)   Constr. rmsd
    2.99277e+02   -5.15303e+02    4.12644e-06

           Step           Time
          17000       34.00000

   Energies (kJ/mol)
           Bond            U-B    Proper Dih.  Improper Dih.      CMAP Dih.
    1.91372e+03    5.31353e+03    5.42661e+03    4.36339e+02   -1.29125e+03
          LJ-14     Coulomb-14        LJ (SR)   Coulomb (SR)   Coul. recip.
    1.27358e+03    6.81938e+04    2.38179e+05   -2.55893e+06    7.72440e+03
 Position Rest.      Potential    Kinetic En.   Total Energy  Conserved En.
    1.03231e+03   -2.23073e+06    4.20530e+05   -1.81020e+06   -2.28503e+06
    Temperature Pressure (bar)   Constr. rmsd
    2.99908e+02   -6.06592e+02    4.12644e-06

           Step           Time
          17500       35.00000

   Energies (kJ/mol)
           Bond            U-B    Proper Dih.  Improper Dih.      CMAP Dih.
    1.83626e+03    5.11290e+03    5.45001e+03    4.53235e+02   -1.24030e+03
          LJ-14     Coulomb-14        LJ (SR)   Coulomb (SR)   Coul. recip.
    1.23607e+03    6.84142e+04    2.41198e+05   -2.56443e+06    7.72889e+03
 Position Rest.      Potential    Kinetic En.   Total Energy  Conserved En.
    8.59659e+02   -2.23338e+06    4.19596e+05   -1.81379e+06   -2.28502e+06
    Temperature Pressure (bar)   Constr. rmsd
    2.99242e+02   -5.41098e+02    4.12644e-06

           Step           Time
          18000       36.00000

   Energies (kJ/mol)
           Bond            U-B    Proper Dih.  Improper Dih.      CMAP Dih.
    2.00843e+03    5.08098e+03    5.41989e+03    3.90594e+02   -1.27198e+03
          LJ-14     Coulomb-14        LJ (SR)   Coulomb (SR)   Coul. recip.
    1.30948e+03    6.84059e+04    2.40893e+05   -2.56182e+06    7.73639e+03
 Position Rest.      Potential    Kinetic En.   Total Energy  Conserved En.
    9.37613e+02   -2.23091e+06    4.19223e+05   -1.81169e+06   -2.28500e+06
    Temperature Pressure (bar)   Constr. rmsd
    2.98976e+02   -5.10583e+02    4.12644e-06

           Step           Time
          18500       37.00000

   Energies (kJ/mol)
           Bond            U-B    Proper Dih.  Improper Dih.      CMAP Dih.
    1.94662e+03    5.15486e+03    5.36633e+03    4.04182e+02   -1.23749e+03
          LJ-14     Coulomb-14        LJ (SR)   Coulomb (SR)   Coul. recip.
    1.25236e+03    6.81202e+04    2.36804e+05   -2.55755e+06    7.76453e+03
 Position Rest.      Potential    Kinetic En.   Total Energy  Conserved En.
    8.61440e+02   -2.23111e+06    4.20814e+05   -1.81030e+06   -2.28501e+06
    Temperature Pressure (bar)   Constr. rmsd
    3.00111e+02   -5.91295e+02    4.12644e-06

           Step           Time
          19000       38.00000

   Energies (kJ/mol)
           Bond            U-B    Proper Dih.  Improper Dih.      CMAP Dih.
    1.96252e+03    5.03933e+03    5.38113e+03    4.00970e+02   -1.21336e+03
          LJ-14     Coulomb-14        LJ (SR)   Coulomb (SR)   Coul. recip.
    1.20729e+03    6.82068e+04    2.39749e+05   -2.56204e+06    7.63557e+03
 Position Rest.      Potential    Kinetic En.   Total Energy  Conserved En.
    9.15275e+02   -2.23276e+06    4.19505e+05   -1.81325e+06   -2.28500e+06
    Temperature Pressure (bar)   Constr. rmsd
    2.99177e+02   -5.33074e+02    4.12644e-06

           Step           Time
          19500       39.00000

   Energies (kJ/mol)
           Bond            U-B    Proper Dih.  Improper Dih.      CMAP Dih.
    1.98796e+03    5.17095e+03    5.41290e+03    3.93544e+02   -1.29938e+03
          LJ-14     Coulomb-14        LJ (SR)   Coulomb (SR)   Coul. recip.
    1.20558e+03    6.82407e+04    2.37229e+05   -2.55878e+06    7.70306e+03
 Position Rest.      Potential    Kinetic En.   Total Energy  Conserved En.
    8.49251e+02   -2.23188e+06    4.19289e+05   -1.81259e+06   -2.28498e+06
    Temperature Pressure (bar)   Constr. rmsd
    2.99023e+02   -7.23509e+02    4.12644e-06

           Step           Time
          20000       40.00000

   Energies (kJ/mol)
           Bond            U-B    Proper Dih.  Improper Dih.      CMAP Dih.
    2.08940e+03    5.15071e+03    5.38771e+03    4.00284e+02   -1.25480e+03
          LJ-14     Coulomb-14        LJ (SR)   Coulomb (SR)   Coul. recip.
    1.17412e+03    6.79830e+04    2.35702e+05   -2.55538e+06    7.49103e+03
 Position Rest.      Potential    Kinetic En.   Total Energy  Conserved En.
    8.88970e+02   -2.23036e+06    4.21416e+05   -1.80895e+06   -2.28501e+06
    Temperature Pressure (bar)   Constr. rmsd
    3.00540e+02   -6.84221e+02    4.12644e-06

           Step           Time
          20500       41.00000

   Energies (kJ/mol)
           Bond            U-B    Proper Dih.  Improper Dih.      CMAP Dih.
    1.98216e+03    5.05449e+03    5.52300e+03    4.22286e+02   -1.28529e+03
          LJ-14     Coulomb-14        LJ (SR)   Coulomb (SR)   Coul. recip.
    1.24732e+03    6.81080e+04    2.40469e+05   -2.56015e+06    7.76821e+03
 Position Rest.      Potential    Kinetic En.   Total Energy  Conserved En.
    8.71417e+02   -2.22999e+06    4.21929e+05   -1.80806e+06   -2.28496e+06
    Temperature Pressure (bar)   Constr. rmsd
    3.00906e+02   -5.50049e+02    4.12644e-06

           Step           Time
          21000       42.00000

   Energies (kJ/mol)
           Bond            U-B    Proper Dih.  Improper Dih.      CMAP Dih.
    1.89048e+03    5.23699e+03    5.48601e+03    4.28998e+02   -1.28494e+03
          LJ-14     Coulomb-14        LJ (SR)   Coulomb (SR)   Coul. recip.
    1.27340e+03    6.78962e+04    2.38407e+05   -2.56051e+06    7.64519e+03
 Position Rest.      Potential    Kinetic En.   Total Energy  Conserved En.
    8.26696e+02   -2.23270e+06    4.20298e+05   -1.81240e+06   -2.28496e+06
    Temperature Pressure (bar)   Constr. rmsd
    2.99742e+02   -6.03639e+02    4.12644e-06

           Step           Time
          21500       43.00000

   Energies (kJ/mol)
           Bond            U-B    Proper Dih.  Improper Dih.      CMAP Dih.
    1.92027e+03    5.03852e+03    5.46032e+03    4.17892e+02   -1.37662e+03
          LJ-14     Coulomb-14        LJ (SR)   Coulomb (SR)   Coul. recip.
    1.31573e+03    6.83111e+04    2.38790e+05   -2.56061e+06    7.61586e+03
 Position Rest.      Potential    Kinetic En.   Total Energy  Conserved En.
    8.31190e+02   -2.23229e+06    4.20559e+05   -1.81173e+06   -2.28495e+06
    Temperature Pressure (bar)   Constr. rmsd
    2.99928e+02   -4.67017e+02    4.12644e-06

           Step           Time
          22000       44.00000

   Energies (kJ/mol)
           Bond            U-B    Proper Dih.  Improper Dih.      CMAP Dih.
    2.01309e+03    5.06680e+03    5.47015e+03    3.78046e+02   -1.26158e+03
          LJ-14     Coulomb-14        LJ (SR)   Coulomb (SR)   Coul. recip.
    1.25900e+03    6.81486e+04    2.38684e+05   -2.56078e+06    7.61558e+03
 Position Rest.      Potential    Kinetic En.   Total Energy  Conserved En.
    9.05372e+02   -2.23250e+06    4.20733e+05   -1.81177e+06   -2.28494e+06
    Temperature Pressure (bar)   Constr. rmsd
    3.00053e+02   -6.05709e+02    4.12644e-06

           Step           Time
          22500       45.00000

   Energies (kJ/mol)
           Bond            U-B    Proper Dih.  Improper Dih.      CMAP Dih.
    2.02310e+03    5.21977e+03    5.41361e+03    4.16510e+02   -1.25707e+03
          LJ-14     Coulomb-14        LJ (SR)   Coulomb (SR)   Coul. recip.
    1.25065e+03    6.81116e+04    2.39567e+05   -2.55802e+06    7.63790e+03
 Position Rest.      Potential    Kinetic En.   Total Energy  Conserved En.
    7.99885e+02   -2.22883e+06    4.18480e+05   -1.81035e+06   -2.28494e+06
    Temperature Pressure (bar)   Constr. rmsd
    2.98446e+02   -5.33812e+02    4.12644e-06

           Step           Time
          23000       46.00000

   Energies (kJ/mol)
           Bond            U-B    Proper Dih.  Improper Dih.      CMAP Dih.
    2.03341e+03    5.03492e+03    5.42011e+03    3.93890e+02   -1.30646e+03
          LJ-14     Coulomb-14        LJ (SR)   Coulomb (SR)   Coul. recip.
    1.16400e+03    6.82710e+04    2.37826e+05   -2.55638e+06    7.76480e+03
 Position Rest.      Potential    Kinetic En.   Total Energy  Conserved En.
    9.23916e+02   -2.22886e+06    4.20397e+05   -1.80846e+06   -2.28493e+06
    Temperature Pressure (bar)   Constr. rmsd
    2.99813e+02   -6.62349e+02    4.12644e-06

           Step           Time
          23500       47.00000

   Energies (kJ/mol)
           Bond            U-B    Proper Dih.  Improper Dih.      CMAP Dih.
    2.04981e+03    5.00689e+03    5.47524e+03    4.33561e+02   -1.28053e+03
          LJ-14     Coulomb-14        LJ (SR)   Coulomb (SR)   Coul. recip.
    1.30295e+03    6.82092e+04    2.38301e+05   -2.55949e+06    7.68767e+03
 Position Rest.      Potential    Kinetic En.   Total Energy  Conserved En.
    8.73949e+02   -2.23143e+06    4.21516e+05   -1.80992e+06   -2.28493e+06
    Temperature Pressure (bar)   Constr. rmsd
    3.00611e+02   -6.96229e+02    4.12644e-06

           Step           Time
          24000       48.00000

   Energies (kJ/mol)
           Bond            U-B    Proper Dih.  Improper Dih.      CMAP Dih.
    2.01208e+03    5.04760e+03    5.50620e+03    4.28612e+02   -1.31957e+03
          LJ-14     Coulomb-14        LJ (SR)   Coulomb (SR)   Coul. recip.
    1.23550e+03    6.82817e+04    2.39392e+05   -2.56008e+06    7.83547e+03
 Position Rest.      Potential    Kinetic En.   Total Energy  Conserved En.
    9.12469e+02   -2.23074e+06    4.21343e+05   -1.80940e+06   -2.28492e+06
    Temperature Pressure (bar)   Constr. rmsd
    3.00488e+02   -6.34586e+02    4.12644e-06

           Step           Time
          24500       49.00000

   Energies (kJ/mol)
           Bond            U-B    Proper Dih.  Improper Dih.      CMAP Dih.
    1.89195e+03    5.10817e+03    5.47612e+03    4.29919e+02   -1.24390e+03
          LJ-14     Coulomb-14        LJ (SR)   Coulomb (SR)   Coul. recip.
    1.25813e+03    6.81490e+04    2.37694e+05   -2.55904e+06    7.71830e+03
 Position Rest.      Potential    Kinetic En.   Total Energy  Conserved En.
    8.47943e+02   -2.23171e+06    4.20440e+05   -1.81127e+06   -2.28491e+06
    Temperature Pressure (bar)   Constr. rmsd
    2.99844e+02   -5.35099e+02    4.12644e-06

           Step           Time
          25000       50.00000

   Energies (kJ/mol)
           Bond            U-B    Proper Dih.  Improper Dih.      CMAP Dih.
    1.97907e+03    5.32222e+03    5.48922e+03    3.72529e+02   -1.23580e+03
          LJ-14     Coulomb-14        LJ (SR)   Coulomb (SR)   Coul. recip.
    1.18602e+03    6.82048e+04    2.37557e+05   -2.55980e+06    7.66203e+03
 Position Rest.      Potential    Kinetic En.   Total Energy  Conserved En.
    8.50412e+02   -2.23241e+06    4.20656e+05   -1.81176e+06   -2.28491e+06
    Temperature Pressure (bar)   Constr. rmsd
    2.99998e+02   -6.06658e+02    4.12644e-06

           Step           Time
          25500       51.00000

   Energies (kJ/mol)
           Bond            U-B    Proper Dih.  Improper Dih.      CMAP Dih.
    1.91859e+03    5.22497e+03    5.49854e+03    4.38654e+02   -1.26370e+03
          LJ-14     Coulomb-14        LJ (SR)   Coulomb (SR)   Coul. recip.
    1.25751e+03    6.80288e+04    2.39073e+05   -2.55966e+06    7.79820e+03
 Position Rest.      Potential    Kinetic En.   Total Energy  Conserved En.
    8.33193e+02   -2.23085e+06    4.20867e+05   -1.80998e+06   -2.28493e+06
    Temperature Pressure (bar)   Constr. rmsd
    3.00148e+02   -6.20317e+02    4.12644e-06

           Step           Time
          26000       52.00000

   Energies (kJ/mol)
           Bond            U-B    Proper Dih.  Improper Dih.      CMAP Dih.
    1.98412e+03    5.08174e+03    5.44529e+03    4.45201e+02   -1.30240e+03
          LJ-14     Coulomb-14        LJ (SR)   Coulomb (SR)   Coul. recip.
    1.26204e+03    6.81029e+04    2.37442e+05   -2.55756e+06    7.59343e+03
 Position Rest.      Potential    Kinetic En.   Total Energy  Conserved En.
    8.61084e+02   -2.23065e+06    4.20901e+05   -1.80974e+06   -2.28492e+06
    Temperature Pressure (bar)   Constr. rmsd
    3.00172e+02   -4.83655e+02    4.12644e-06

           Step           Time
          26500       53.00000

   Energies (kJ/mol)
           Bond            U-B    Proper Dih.  Improper Dih.      CMAP Dih.
    1.92168e+03    5.21154e+03    5.35020e+03    4.12261e+02   -1.28190e+03
          LJ-14     Coulomb-14        LJ (SR)   Coulomb (SR)   Coul. recip.
    1.24123e+03    6.81330e+04    2.37014e+05   -2.55868e+06    7.59897e+03
 Position Rest.      Potential    Kinetic En.   Total Energy  Conserved En.
    8.06822e+02   -2.23228e+06    4.20336e+05   -1.81194e+06   -2.28491e+06
    Temperature Pressure (bar)   Constr. rmsd
    2.99770e+02   -6.24918e+02    4.12644e-06

           Step           Time
          27000       54.00000

   Energies (kJ/mol)
           Bond            U-B    Proper Dih.  Improper Dih.      CMAP Dih.
    1.95018e+03    5.05640e+03    5.48753e+03    4.13467e+02   -1.21394e+03
          LJ-14     Coulomb-14        LJ (SR)   Coulomb (SR)   Coul. recip.
    1.25511e+03    6.82663e+04    2.39032e+05   -2.56074e+06    7.70439e+03
 Position Rest.      Potential    Kinetic En.   Total Energy  Conserved En.
    8.82453e+02   -2.23191e+06    4.20836e+05   -1.81107e+06   -2.28485e+06
    Temperature Pressure (bar)   Constr. rmsd
    3.00127e+02   -5.88558e+02    4.12644e-06

           Step           Time
          27500       55.00000

   Energies (kJ/mol)
           Bond            U-B    Proper Dih.  Improper Dih.      CMAP Dih.
    2.12052e+03    4.97823e+03    5.53133e+03    4.24395e+02   -1.24704e+03
          LJ-14     Coulomb-14        LJ (SR)   Coulomb (SR)   Coul. recip.
    1.33223e+03    6.83583e+04    2.40729e+05   -2.56234e+06    7.75257e+03
 Position Rest.      Potential    Kinetic En.   Total Energy  Conserved En.
    8.72561e+02   -2.23149e+06    4.21388e+05   -1.81010e+06   -2.28487e+06
    Temperature Pressure (bar)   Constr. rmsd
    3.00520e+02   -4.44774e+02    4.12644e-06

           Step           Time
          28000       56.00000

   Energies (kJ/mol)
           Bond            U-B    Proper Dih.  Improper Dih.      CMAP Dih.
    2.14114e+03    5.18040e+03    5.52121e+03    4.22284e+02   -1.23709e+03
          LJ-14     Coulomb-14        LJ (SR)   Coulomb (SR)   Coul. recip.
    1.22011e+03    6.80360e+04    2.38975e+05   -2.55850e+06    7.84389e+03
 Position Rest.      Potential    Kinetic En.   Total Energy  Conserved En.
    8.91010e+02   -2.22951e+06    4.21738e+05   -1.80777e+06   -2.28485e+06
    Temperature Pressure (bar)   Constr. rmsd
    3.00770e+02   -5.33183e+02    4.12644e-06

           Step           Time
          28500       57.00000

   Energies (kJ/mol)
           Bond            U-B    Proper Dih.  Improper Dih.      CMAP Dih.
    1.97171e+03    5.13441e+03    5.42639e+03    4.30202e+02   -1.28146e+03
          LJ-14     Coulomb-14        LJ (SR)   Coulomb (SR)   Coul. recip.
    1.29966e+03    6.81777e+04    2.41331e+05   -2.56399e+06    7.60243e+03
 Position Rest.      Potential    Kinetic En.   Total Energy  Conserved En.
    8.10072e+02   -2.23309e+06    4.20332e+05   -1.81276e+06   -2.28485e+06
    Temperature Pressure (bar)   Constr. rmsd
    2.99767e+02   -3.43443e+02    4.12644e-06

           Step           Time
          29000       58.00000

   Energies (kJ/mol)
           Bond            U-B    Proper Dih.  Improper Dih.      CMAP Dih.
    1.91366e+03    5.44477e+03    5.42551e+03    4.19247e+02   -1.24513e+03
          LJ-14     Coulomb-14        LJ (SR)   Coulomb (SR)   Coul. recip.
    1.28245e+03    6.80336e+04    2.42059e+05   -2.56321e+06    7.79823e+03
 Position Rest.      Potential    Kinetic En.   Total Energy  Conserved En.
    8.32557e+02   -2.23125e+06    4.20215e+05   -1.81104e+06   -2.28482e+06
    Temperature Pressure (bar)   Constr. rmsd
    2.99684e+02   -5.24653e+02    4.12644e-06

           Step           Time
          29500       59.00000

   Energies (kJ/mol)
           Bond            U-B    Proper Dih.  Improper Dih.      CMAP Dih.
    1.89250e+03    5.07967e+03    5.47301e+03    4.18849e+02   -1.22723e+03
          LJ-14     Coulomb-14        LJ (SR)   Coulomb (SR)   Coul. recip.
    1.21214e+03    6.81833e+04    2.38406e+05   -2.56172e+06    7.66859e+03
 Position Rest.      Potential    Kinetic En.   Total Energy  Conserved En.
    8.10345e+02   -2.23380e+06    4.22225e+05   -1.81157e+06   -2.28487e+06
    Temperature Pressure (bar)   Constr. rmsd
    3.01117e+02   -6.72215e+02    4.12644e-06

           Step           Time
          30000       60.00000

   Energies (kJ/mol)
           Bond            U-B    Proper Dih.  Improper Dih.      CMAP Dih.
    1.98293e+03    5.30246e+03    5.43984e+03    4.16786e+02   -1.21600e+03
          LJ-14     Coulomb-14        LJ (SR)   Coulomb (SR)   Coul. recip.
    1.22305e+03    6.80023e+04    2.36759e+05   -2.55832e+06    7.76111e+03
 Position Rest.      Potential    Kinetic En.   Total Energy  Conserved En.
    8.36220e+02   -2.23182e+06    4.21743e+05   -1.81007e+06   -2.28486e+06
    Temperature Pressure (bar)   Constr. rmsd
    3.00773e+02   -6.98232e+02    4.12644e-06

           Step           Time
          30500       61.00000

   Energies (kJ/mol)
           Bond            U-B    Proper Dih.  Improper Dih.      CMAP Dih.
    1.90270e+03    5.31789e+03    5.40877e+03    4.05997e+02   -1.25273e+03
          LJ-14     Coulomb-14        LJ (SR)   Coulomb (SR)   Coul. recip.
    1.22792e+03    6.82114e+04    2.38434e+05   -2.56081e+06    7.68554e+03
 Position Rest.      Potential    Kinetic En.   Total Energy  Conserved En.
    8.24210e+02   -2.23264e+06    4.19090e+05   -1.81355e+06   -2.28481e+06
    Temperature Pressure (bar)   Constr. rmsd
    2.98881e+02   -5.59902e+02    4.12644e-06

           Step           Time
          31000       62.00000

   Energies (kJ/mol)
           Bond            U-B    Proper Dih.  Improper Dih.      CMAP Dih.
    1.93251e+03    5.27655e+03    5.45374e+03    4.16787e+02   -1.26263e+03
          LJ-14     Coulomb-14        LJ (SR)   Coulomb (SR)   Coul. recip.
    1.18423e+03    6.82923e+04    2.37282e+05   -2.55643e+06    7.78297e+03
 Position Rest.      Potential    Kinetic En.   Total Energy  Conserved En.
    8.24574e+02   -2.22925e+06    4.21734e+05   -1.80752e+06   -2.28483e+06
    Temperature Pressure (bar)   Constr. rmsd
    3.00766e+02   -5.16479e+02    4.12644e-06

           Step           Time
          31500       63.00000

   Energies (kJ/mol)
           Bond            U-B    Proper Dih.  Improper Dih.      CMAP Dih.
    1.99901e+03    5.20367e+03    5.46845e+03    4.44264e+02   -1.23843e+03
          LJ-14     Coulomb-14        LJ (SR)   Coulomb (SR)   Coul. recip.
    1.22690e+03    6.82455e+04    2.35716e+05   -2.55620e+06    7.74833e+03
 Position Rest.      Potential    Kinetic En.   Total Energy  Conserved En.
    8.61052e+02   -2.23052e+06    4.19337e+05   -1.81118e+06   -2.28479e+06
    Temperature Pressure (bar)   Constr. rmsd
    2.99057e+02   -6.18771e+02    4.12644e-06

           Step           Time
          32000       64.00000

   Energies (kJ/mol)
           Bond            U-B    Proper Dih.  Improper Dih.      CMAP Dih.
    1.99538e+03    5.29319e+03    5.41944e+03    3.63532e+02   -1.28603e+03
          LJ-14     Coulomb-14        LJ (SR)   Coulomb (SR)   Coul. recip.
    1.31583e+03    6.82461e+04    2.41238e+05   -2.56240e+06    7.79397e+03
 Position Rest.      Potential    Kinetic En.   Total Energy  Conserved En.
    8.54074e+02   -2.23117e+06    4.21541e+05   -1.80963e+06   -2.28478e+06
    Temperature Pressure (bar)   Constr. rmsd
    3.00629e+02   -4.29980e+02    4.12644e-06

           Step           Time
          32500       65.00000

   Energies (kJ/mol)
           Bond            U-B    Proper Dih.  Improper Dih.      CMAP Dih.
    2.00808e+03    5.12140e+03    5.54175e+03    4.20938e+02   -1.29313e+03
          LJ-14     Coulomb-14        LJ (SR)   Coulomb (SR)   Coul. recip.
    1.24727e+03    6.83209e+04    2.37587e+05   -2.55870e+06    7.74008e+03
 Position Rest.      Potential    Kinetic En.   Total Energy  Conserved En.
    7.56686e+02   -2.23125e+06    4.19327e+05   -1.81192e+06   -2.28480e+06
    Temperature Pressure (bar)   Constr. rmsd
    2.99050e+02   -7.12848e+02    4.12644e-06

           Step           Time
          33000       66.00000

   Energies (kJ/mol)
           Bond            U-B    Proper Dih.  Improper Dih.      CMAP Dih.
    1.97036e+03    5.19759e+03    5.45762e+03    3.85496e+02   -1.29050e+03
          LJ-14     Coulomb-14        LJ (SR)   Coulomb (SR)   Coul. recip.
    1.28630e+03    6.82647e+04    2.40280e+05   -2.56185e+06    7.61924e+03
 Position Rest.      Potential    Kinetic En.   Total Energy  Conserved En.
    8.07735e+02   -2.23187e+06    4.19674e+05   -1.81219e+06   -2.28479e+06
    Temperature Pressure (bar)   Constr. rmsd
    2.99298e+02   -4.51500e+02    4.12644e-06

           Step           Time
          33500       67.00000

   Energies (kJ/mol)
           Bond            U-B    Proper Dih.  Improper Dih.      CMAP Dih.
    1.99078e+03    5.03207e+03    5.42253e+03    3.95204e+02   -1.30996e+03
          LJ-14     Coulomb-14        LJ (SR)   Coulomb (SR)   Coul. recip.
    1.21818e+03    6.84551e+04    2.39780e+05   -2.56103e+06    7.74892e+03
 Position Rest.      Potential    Kinetic En.   Total Energy  Conserved En.
    8.02641e+02   -2.23149e+06    4.21137e+05   -1.81035e+06   -2.28476e+06
    Temperature Pressure (bar)   Constr. rmsd
    3.00341e+02   -5.83270e+02    4.12644e-06

           Step           Time
          34000       68.00000

   Energies (kJ/mol)
           Bond            U-B    Proper Dih.  Improper Dih.      CMAP Dih.
    2.00645e+03    5.13272e+03    5.50058e+03    4.86569e+02   -1.29042e+03
          LJ-14     Coulomb-14        LJ (SR)   Coulomb (SR)   Coul. recip.
    1.23523e+03    6.83160e+04    2.39536e+05   -2.56117e+06    7.84733e+03
 Position Rest.      Potential    Kinetic En.   Total Energy  Conserved En.
    8.76043e+02   -2.23153e+06    4.21249e+05   -1.81028e+06   -2.28477e+06
    Temperature Pressure (bar)   Constr. rmsd
    3.00421e+02   -5.77751e+02    4.12644e-06

           Step           Time
          34500       69.00000

   Energies (kJ/mol)
           Bond            U-B    Proper Dih.  Improper Dih.      CMAP Dih.
    2.01967e+03    5.14350e+03    5.48703e+03    3.84361e+02   -1.29729e+03
          LJ-14     Coulomb-14        LJ (SR)   Coulomb (SR)   Coul. recip.
    1.25597e+03    6.82163e+04    2.37189e+05   -2.55991e+06    7.69290e+03
 Position Rest.      Potential    Kinetic En.   Total Energy  Conserved En.
    8.48175e+02   -2.23297e+06    4.20372e+05   -1.81260e+06   -2.28476e+06
    Temperature Pressure (bar)   Constr. rmsd
    2.99795e+02   -5.20977e+02    4.12644e-06

           Step           Time
          35000       70.00000

   Energies (kJ/mol)
           Bond            U-B    Proper Dih.  Improper Dih.      CMAP Dih.
    1.97264e+03    5.12961e+03    5.47084e+03    3.90955e+02   -1.28435e+03
          LJ-14     Coulomb-14        LJ (SR)   Coulomb (SR)   Coul. recip.
    1.22884e+03    6.81320e+04    2.38756e+05   -2.55908e+06    7.66965e+03
 Position Rest.      Potential    Kinetic En.   Total Energy  Conserved En.
    8.36269e+02   -2.23078e+06    4.18271e+05   -1.81251e+06   -2.28474e+06
    Temperature Pressure (bar)   Constr. rmsd
    2.98297e+02   -5.58043e+02    4.12644e-06

           Step           Time
          35500       71.00000

   Energies (kJ/mol)
           Bond            U-B    Proper Dih.  Improper Dih.      CMAP Dih.
    1.96264e+03    5.02170e+03    5.46947e+03    4.16457e+02   -1.22902e+03
          LJ-14     Coulomb-14        LJ (SR)   Coulomb (SR)   Coul. recip.
    1.24035e+03    6.83094e+04    2.40401e+05   -2.56294e+06    7.60610e+03
 Position Rest.      Potential    Kinetic En.   Total Energy  Conserved En.
    8.62099e+02   -2.23288e+06    4.20847e+05   -1.81203e+06   -2.28474e+06
    Temperature Pressure (bar)   Constr. rmsd
    3.00134e+02   -4.33589e+02    4.12644e-06

           Step           Time
          36000       72.00000

   Energies (kJ/mol)
           Bond            U-B    Proper Dih.  Improper Dih.      CMAP Dih.
    1.99729e+03    4.83520e+03    5.45976e+03    4.24059e+02   -1.28244e+03
          LJ-14     Coulomb-14        LJ (SR)   Coulomb (SR)   Coul. recip.
    1.35510e+03    6.83531e+04    2.39268e+05   -2.56149e+06    7.75854e+03
 Position Rest.      Potential    Kinetic En.   Total Energy  Conserved En.
    7.91606e+02   -2.23253e+06    4.22007e+05   -1.81053e+06   -2.28476e+06
    Temperature Pressure (bar)   Constr. rmsd
    3.00961e+02   -4.78312e+02    4.12644e-06

           Step           Time
          36500       73.00000

   Energies (kJ/mol)
           Bond            U-B    Proper Dih.  Improper Dih.      CMAP Dih.
    2.08977e+03    5.01374e+03    5.50322e+03    4.53109e+02   -1.22651e+03
          LJ-14     Coulomb-14        LJ (SR)   Coulomb (SR)   Coul. recip.
    1.25433e+03    6.82752e+04    2.40644e+05   -2.55916e+06    7.77840e+03
 Position Rest.      Potential    Kinetic En.   Total Energy  Conserved En.
    8.91707e+02   -2.22848e+06    4.19602e+05   -1.80888e+06   -2.28473e+06
    Temperature Pressure (bar)   Constr. rmsd
    2.99246e+02   -4.54281e+02    4.12644e-06

           Step           Time
          37000       74.00000

   Energies (kJ/mol)
           Bond            U-B    Proper Dih.  Improper Dih.      CMAP Dih.
    1.98796e+03    5.19772e+03    5.37412e+03    3.81086e+02   -1.24286e+03
          LJ-14     Coulomb-14        LJ (SR)   Coulomb (SR)   Coul. recip.
    1.19383e+03    6.81793e+04    2.38178e+05   -2.55955e+06    7.71675e+03
 Position Rest.      Potential    Kinetic En.   Total Energy  Conserved En.
    7.84294e+02   -2.23180e+06    4.20548e+05   -1.81125e+06   -2.28472e+06
    Temperature Pressure (bar)   Constr. rmsd
    2.99921e+02   -5.91909e+02    4.12644e-06

           Step           Time
          37500       75.00000

   Energies (kJ/mol)
           Bond            U-B    Proper Dih.  Improper Dih.      CMAP Dih.
    1.95177e+03    5.15326e+03    5.45823e+03    4.00477e+02   -1.25465e+03
          LJ-14     Coulomb-14        LJ (SR)   Coulomb (SR)   Coul. recip.
    1.24254e+03    6.81548e+04    2.40082e+05   -2.56415e+06    7.62953e+03
 Position Rest.      Potential    Kinetic En.   Total Energy  Conserved En.
    8.34682e+02   -2.23450e+06    4.21973e+05   -1.81253e+06   -2.28472e+06
    Temperature Pressure (bar)   Constr. rmsd
    3.00937e+02   -4.33847e+02    4.12644e-06

           Step           Time
          38000       76.00000

   Energies (kJ/mol)
           Bond            U-B    Proper Dih.  Improper Dih.      CMAP Dih.
    2.03415e+03    4.88586e+03    5.45404e+03    3.94345e+02   -1.25856e+03
          LJ-14     Coulomb-14        LJ (SR)   Coulomb (SR)   Coul. recip.
    1.30917e+03    6.81172e+04    2.38235e+05   -2.56120e+06    7.83591e+03
 Position Rest.      Potential    Kinetic En.   Total Energy  Conserved En.
    8.76481e+02   -2.23331e+06    4.19414e+05   -1.81390e+06   -2.28469e+06
    Temperature Pressure (bar)   Constr. rmsd
    2.99112e+02   -6.71514e+02    4.12644e-06

           Step           Time
          38500       77.00000

   Energies (kJ/mol)
           Bond            U-B    Proper Dih.  Improper Dih.      CMAP Dih.
    1.81537e+03    5.18721e+03    5.50122e+03    4.16437e+02   -1.23527e+03
          LJ-14     Coulomb-14        LJ (SR)   Coulomb (SR)   Coul. recip.
    1.22685e+03    6.81094e+04    2.40897e+05   -2.56569e+06    7.62945e+03
 Position Rest.      Potential    Kinetic En.   Total Energy  Conserved En.
    8.43360e+02   -2.23530e+06    4.18365e+05   -1.81693e+06   -2.28470e+06
    Temperature Pressure (bar)   Constr. rmsd
    2.98364e+02   -4.34590e+02    4.12644e-06

           Step           Time
          39000       78.00000

   Energies (kJ/mol)
           Bond            U-B    Proper Dih.  Improper Dih.      CMAP Dih.
    2.03000e+03    4.95232e+03    5.46950e+03    4.27320e+02   -1.22221e+03
          LJ-14     Coulomb-14        LJ (SR)   Coulomb (SR)   Coul. recip.
    1.24304e+03    6.81314e+04    2.38706e+05   -2.55825e+06    7.63885e+03
 Position Rest.      Potential    Kinetic En.   Total Energy  Conserved En.
    8.98049e+02   -2.22998e+06    4.20045e+05   -1.80993e+06   -2.28469e+06
    Temperature Pressure (bar)   Constr. rmsd
    2.99562e+02   -5.30371e+02    4.12644e-06

           Step           Time
          39500       79.00000

   Energies (kJ/mol)
           Bond            U-B    Proper Dih.  Improper Dih.      CMAP Dih.
    1.92602e+03    4.92266e+03    5.41267e+03    4.05623e+02   -1.30766e+03
          LJ-14     Coulomb-14        LJ (SR)   Coulomb (SR)   Coul. recip.
    1.25342e+03    6.83309e+04    2.39856e+05   -2.56368e+06    7.82700e+03
 Position Rest.      Potential    Kinetic En.   Total Energy  Conserved En.
    8.46303e+02   -2.23421e+06    4.18513e+05   -1.81570e+06   -2.28469e+06
    Temperature Pressure (bar)   Constr. rmsd
    2.98469e+02   -6.17563e+02    4.12644e-06

           Step           Time
          40000       80.00000

   Energies (kJ/mol)
           Bond            U-B    Proper Dih.  Improper Dih.      CMAP Dih.
    1.95237e+03    5.10393e+03    5.51561e+03    4.58695e+02   -1.30685e+03
          LJ-14     Coulomb-14        LJ (SR)   Coulomb (SR)   Coul. recip.
    1.26716e+03    6.83043e+04    2.36403e+05   -2.55662e+06    7.69802e+03
 Position Rest.      Potential    Kinetic En.   Total Energy  Conserved En.
    8.84738e+02   -2.23034e+06    4.19727e+05   -1.81061e+06   -2.28468e+06
    Temperature Pressure (bar)   Constr. rmsd
    2.99335e+02   -5.70474e+02    4.12644e-06

           Step           Time
          40500       81.00000

   Energies (kJ/mol)
           Bond            U-B    Proper Dih.  Improper Dih.      CMAP Dih.
    1.89997e+03    4.85341e+03    5.51077e+03    3.69074e+02   -1.26632e+03
          LJ-14     Coulomb-14        LJ (SR)   Coulomb (SR)   Coul. recip.
    1.22463e+03    6.82224e+04    2.37710e+05   -2.55870e+06    7.72576e+03
 Position Rest.      Potential    Kinetic En.   Total Energy  Conserved En.
    8.87788e+02   -2.23156e+06    4.19904e+05   -1.81165e+06   -2.28469e+06
    Temperature Pressure (bar)   Constr. rmsd
    2.99461e+02   -5.71652e+02    4.12644e-06

           Step           Time
          41000       82.00000

   Energies (kJ/mol)
           Bond            U-B    Proper Dih.  Improper Dih.      CMAP Dih.
    2.02697e+03    5.18557e+03    5.53112e+03    4.22910e+02   -1.28523e+03
          LJ-14     Coulomb-14        LJ (SR)   Coulomb (SR)   Coul. recip.
    1.23583e+03    6.80589e+04    2.40737e+05   -2.56206e+06    7.71659e+03
 Position Rest.      Potential    Kinetic En.   Total Energy  Conserved En.
    8.50724e+02   -2.23158e+06    4.21337e+05   -1.81024e+06   -2.28467e+06
    Temperature Pressure (bar)   Constr. rmsd
    3.00484e+02   -4.05017e+02    4.12644e-06

           Step           Time
          41500       83.00000

   Energies (kJ/mol)
           Bond            U-B    Proper Dih.  Improper Dih.      CMAP Dih.
    2.00572e+03    5.25360e+03    5.49997e+03    4.06356e+02   -1.31684e+03
          LJ-14     Coulomb-14        LJ (SR)   Coulomb (SR)   Coul. recip.
    1.23860e+03    6.82237e+04    2.38353e+05   -2.55667e+06    7.75358e+03
 Position Rest.      Potential    Kinetic En.   Total Energy  Conserved En.
    9.27571e+02   -2.22833e+06    4.20529e+05   -1.80780e+06   -2.28462e+06
    Temperature Pressure (bar)   Constr. rmsd
    2.99907e+02   -4.52562e+02    4.12644e-06

           Step           Time
          42000       84.00000

   Energies (kJ/mol)
           Bond            U-B    Proper Dih.  Improper Dih.      CMAP Dih.
    2.11327e+03    4.79112e+03    5.49944e+03    4.60543e+02   -1.27009e+03
          LJ-14     Coulomb-14        LJ (SR)   Coulomb (SR)   Coul. recip.
    1.24758e+03    6.82822e+04    2.37252e+05   -2.55780e+06    7.78201e+03
 Position Rest.      Potential    Kinetic En.   Total Energy  Conserved En.
    8.60501e+02   -2.23078e+06    4.20579e+05   -1.81020e+06   -2.28465e+06
    Temperature Pressure (bar)   Constr. rmsd
    2.99943e+02   -5.21411e+02    4.12644e-06

           Step           Time
          42500       85.00000

   Energies (kJ/mol)
           Bond            U-B    Proper Dih.  Improper Dih.      CMAP Dih.
    1.98807e+03    5.17114e+03    5.55254e+03    4.75993e+02   -1.33172e+03
          LJ-14     Coulomb-14        LJ (SR)   Coulomb (SR)   Coul. recip.
    1.27065e+03    6.79664e+04    2.37024e+05   -2.55628e+06    7.81349e+03
 Position Rest.      Potential    Kinetic En.   Total Energy  Conserved En.
    8.67836e+02   -2.22948e+06    4.21565e+05   -1.80792e+06   -2.28464e+06
    Temperature Pressure (bar)   Constr. rmsd
    3.00646e+02   -5.99180e+02    4.12644e-06

           Step           Time
          43000       86.00000

   Energies (kJ/mol)
           Bond            U-B    Proper Dih.  Improper Dih.      CMAP Dih.
    1.87152e+03    5.23967e+03    5.61742e+03    3.77000e+02   -1.33160e+03
          LJ-14     Coulomb-14        LJ (SR)   Coulomb (SR)   Coul. recip.
    1.26962e+03    6.81702e+04    2.38611e+05   -2.55860e+06    7.67921e+03
 Position Rest.      Potential    Kinetic En.   Total Energy  Conserved En.
    8.51558e+02   -2.23024e+06    4.21835e+05   -1.80841e+06   -2.28464e+06
    Temperature Pressure (bar)   Constr. rmsd
    3.00838e+02   -5.92070e+02    4.12644e-06

           Step           Time
          43500       87.00000

   Energies (kJ/mol)
           Bond            U-B    Proper Dih.  Improper Dih.      CMAP Dih.
    2.06791e+03    5.22157e+03    5.53669e+03    4.51974e+02   -1.34348e+03
          LJ-14     Coulomb-14        LJ (SR)   Coulomb (SR)   Coul. recip.
    1.19038e+03    6.79393e+04    2.36800e+05   -2.55738e+06    7.59864e+03
 Position Rest.      Potential    Kinetic En.   Total Energy  Conserved En.
    8.77928e+02   -2.23103e+06    4.20646e+05   -1.81039e+06   -2.28461e+06
    Temperature Pressure (bar)   Constr. rmsd
    2.99991e+02   -6.29480e+02    4.12644e-06

           Step           Time
          44000       88.00000

   Energies (kJ/mol)
           Bond            U-B    Proper Dih.  Improper Dih.      CMAP Dih.
    1.98582e+03    4.95363e+03    5.44974e+03    4.37579e+02   -1.32783e+03
          LJ-14     Coulomb-14        LJ (SR)   Coulomb (SR)   Coul. recip.
    1.28266e+03    6.82629e+04    2.36687e+05   -2.55968e+06    7.70284e+03
 Position Rest.      Potential    Kinetic En.   Total Energy  Conserved En.
    1.00368e+03   -2.23324e+06    4.21499e+05   -1.81174e+06   -2.28461e+06
    Temperature Pressure (bar)   Constr. rmsd
    3.00599e+02   -7.75285e+02    4.12644e-06

           Step           Time
          44500       89.00000

   Energies (kJ/mol)
           Bond            U-B    Proper Dih.  Improper Dih.      CMAP Dih.
    1.98925e+03    5.15992e+03    5.41854e+03    4.34122e+02   -1.33023e+03
          LJ-14     Coulomb-14        LJ (SR)   Coulomb (SR)   Coul. recip.
    1.25302e+03    6.82578e+04    2.37746e+05   -2.55670e+06    7.75073e+03
 Position Rest.      Potential    Kinetic En.   Total Energy  Conserved En.
    9.16326e+02   -2.22910e+06    4.20672e+05   -1.80843e+06   -2.28460e+06
    Temperature Pressure (bar)   Constr. rmsd
    3.00009e+02   -6.04383e+02    4.12644e-06

           Step           Time
          45000       90.00000

   Energies (kJ/mol)
           Bond            U-B    Proper Dih.  Improper Dih.      CMAP Dih.
    2.02143e+03    5.15301e+03    5.45826e+03    4.06125e+02   -1.32362e+03
          LJ-14     Coulomb-14        LJ (SR)   Coulomb (SR)   Coul. recip.
    1.19456e+03    6.80986e+04    2.39239e+05   -2.55866e+06    7.60065e+03
 Position Rest.      Potential    Kinetic En.   Total Energy  Conserved En.
    7.96610e+02   -2.23002e+06    4.21303e+05   -1.80871e+06   -2.28463e+06
    Temperature Pressure (bar)   Constr. rmsd
    3.00459e+02   -5.52697e+02    4.12644e-06

           Step           Time
          45500       91.00000

   Energies (kJ/mol)
           Bond            U-B    Proper Dih.  Improper Dih.      CMAP Dih.
    2.06023e+03    5.09634e+03    5.46159e+03    4.29177e+02   -1.27155e+03
          LJ-14     Coulomb-14        LJ (SR)   Coulomb (SR)   Coul. recip.
    1.22705e+03    6.80344e+04    2.38274e+05   -2.56007e+06    7.70225e+03
 Position Rest.      Potential    Kinetic En.   Total Energy  Conserved En.
    9.23325e+02   -2.23213e+06    4.21770e+05   -1.81036e+06   -2.28459e+06
    Temperature Pressure (bar)   Constr. rmsd
    3.00792e+02   -5.85623e+02    4.12644e-06

           Step           Time
          46000       92.00000

   Energies (kJ/mol)
           Bond            U-B    Proper Dih.  Improper Dih.      CMAP Dih.
    2.08482e+03    5.01500e+03    5.45745e+03    4.50108e+02   -1.29513e+03
          LJ-14     Coulomb-14        LJ (SR)   Coulomb (SR)   Coul. recip.
    1.23902e+03    6.80925e+04    2.38238e+05   -2.55962e+06    7.67763e+03
 Position Rest.      Potential    Kinetic En.   Total Energy  Conserved En.
    8.72517e+02   -2.23179e+06    4.21357e+05   -1.81043e+06   -2.28460e+06
    Temperature Pressure (bar)   Constr. rmsd
    3.00498e+02   -7.91609e+02    4.12644e-06

           Step           Time
          46500       93.00000

   Energies (kJ/mol)
           Bond            U-B    Proper Dih.  Improper Dih.      CMAP Dih.
    1.96876e+03    5.21181e+03    5.43331e+03    3.93262e+02   -1.24909e+03
          LJ-14     Coulomb-14        LJ (SR)   Coulomb (SR)   Coul. recip.
    1.29608e+03    6.79214e+04    2.40058e+05   -2.56146e+06    7.75839e+03
 Position Rest.      Potential    Kinetic En.   Total Energy  Conserved En.
    8.34106e+02   -2.23183e+06    4.18545e+05   -1.81329e+06   -2.28455e+06
    Temperature Pressure (bar)   Constr. rmsd
    2.98492e+02   -5.00263e+02    4.12644e-06

           Step           Time
          47000       94.00000

   Energies (kJ/mol)
           Bond            U-B    Proper Dih.  Improper Dih.      CMAP Dih.
    1.95355e+03    5.09065e+03    5.44286e+03    5.17356e+02   -1.23505e+03
          LJ-14     Coulomb-14        LJ (SR)   Coulomb (SR)   Coul. recip.
    1.31218e+03    6.81381e+04    2.40182e+05   -2.56136e+06    7.64812e+03
 Position Rest.      Potential    Kinetic En.   Total Energy  Conserved En.
    8.79191e+02   -2.23143e+06    4.20714e+05   -1.81072e+06   -2.28455e+06
    Temperature Pressure (bar)   Constr. rmsd
    3.00039e+02   -4.61397e+02    4.12644e-06

           Step           Time
          47500       95.00000

   Energies (kJ/mol)
           Bond            U-B    Proper Dih.  Improper Dih.      CMAP Dih.
    1.84871e+03    4.94116e+03    5.48393e+03    4.08164e+02   -1.24943e+03
          LJ-14     Coulomb-14        LJ (SR)   Coulomb (SR)   Coul. recip.
    1.30576e+03    6.84091e+04    2.39228e+05   -2.56216e+06    7.72991e+03
 Position Rest.      Potential    Kinetic En.   Total Energy  Conserved En.
    8.89680e+02   -2.23317e+06    4.18893e+05   -1.81427e+06   -2.28455e+06
    Temperature Pressure (bar)   Constr. rmsd
    2.98741e+02   -4.80019e+02    4.12644e-06

           Step           Time
          48000       96.00000

   Energies (kJ/mol)
           Bond            U-B    Proper Dih.  Improper Dih.      CMAP Dih.
    2.03916e+03    5.06277e+03    5.51094e+03    4.38847e+02   -1.24011e+03
          LJ-14     Coulomb-14        LJ (SR)   Coulomb (SR)   Coul. recip.
    1.25251e+03    6.79659e+04    2.40576e+05   -2.56004e+06    7.60551e+03
 Position Rest.      Potential    Kinetic En.   Total Energy  Conserved En.
    8.72148e+02   -2.22995e+06    4.20542e+05   -1.80941e+06   -2.28453e+06
    Temperature Pressure (bar)   Constr. rmsd
    2.99916e+02   -4.63862e+02    4.12644e-06

           Step           Time
          48500       97.00000

   Energies (kJ/mol)
           Bond            U-B    Proper Dih.  Improper Dih.      CMAP Dih.
    2.01405e+03    4.98063e+03    5.50370e+03    3.85601e+02   -1.33724e+03
          LJ-14     Coulomb-14        LJ (SR)   Coulomb (SR)   Coul. recip.
    1.21345e+03    6.81219e+04    2.39524e+05   -2.56248e+06    7.63543e+03
 Position Rest.      Potential    Kinetic En.   Total Energy  Conserved En.
    8.93207e+02   -2.23354e+06    4.19531e+05   -1.81401e+06   -2.28451e+06
    Temperature Pressure (bar)   Constr. rmsd
    2.99196e+02   -5.04618e+02    4.12644e-06

           Step           Time
          49000       98.00000

   Energies (kJ/mol)
           Bond            U-B    Proper Dih.  Improper Dih.      CMAP Dih.
    2.06271e+03    5.03327e+03    5.47849e+03    4.91474e+02   -1.32734e+03
          LJ-14     Coulomb-14        LJ (SR)   Coulomb (SR)   Coul. recip.
    1.26094e+03    6.82626e+04    2.38114e+05   -2.55815e+06    7.54188e+03
 Position Rest.      Potential    Kinetic En.   Total Energy  Conserved En.
    9.36391e+02   -2.23030e+06    4.20847e+05   -1.80945e+06   -2.28451e+06
    Temperature Pressure (bar)   Constr. rmsd
    3.00134e+02   -6.32920e+02    4.12644e-06

           Step           Time
          49500       99.00000

   Energies (kJ/mol)
           Bond            U-B    Proper Dih.  Improper Dih.      CMAP Dih.
    2.07908e+03    5.10555e+03    5.46791e+03    3.83524e+02   -1.28615e+03
          LJ-14     Coulomb-14        LJ (SR)   Coulomb (SR)   Coul. recip.
    1.18416e+03    6.81172e+04    2.38450e+05   -2.56055e+06    7.68212e+03
 Position Rest.      Potential    Kinetic En.   Total Energy  Conserved En.
    9.29834e+02   -2.23244e+06    4.19779e+05   -1.81266e+06   -2.28452e+06
    Temperature Pressure (bar)   Constr. rmsd
    2.99373e+02   -5.40538e+02    4.12644e-06

           Step           Time
          50000      100.00000

Writing checkpoint, step 50000 at Fri Jun  6 00:06:03 2025


   Energies (kJ/mol)
           Bond            U-B    Proper Dih.  Improper Dih.      CMAP Dih.
    2.13358e+03    5.10466e+03    5.47038e+03    4.18876e+02   -1.30954e+03
          LJ-14     Coulomb-14        LJ (SR)   Coulomb (SR)   Coul. recip.
    1.23481e+03    6.82742e+04    2.38338e+05   -2.55965e+06    7.51125e+03
 Position Rest.      Potential    Kinetic En.   Total Energy  Conserved En.
    7.81306e+02   -2.23170e+06    4.21047e+05   -1.81065e+06   -2.28449e+06
    Temperature Pressure (bar)   Constr. rmsd
    3.00276e+02   -5.12337e+02    4.12644e-06


Energy conservation over simulation part #1 of length 100 ps, time 0 to 100 ps
  Conserved energy drift: 2.20e-04 kJ/mol/ps per atom


	<======  ###############  ==>
	<====  A V E R A G E S  ====>
	<==  ###############  ======>

	Statistics over 50001 steps using 501 frames

   Energies (kJ/mol)
           Bond            U-B    Proper Dih.  Improper Dih.      CMAP Dih.
    1.96126e+03    5.09309e+03    5.47300e+03    4.19591e+02   -1.27511e+03
          LJ-14     Coulomb-14        LJ (SR)   Coulomb (SR)   Coul. recip.
    1.25760e+03    6.81975e+04    2.39033e+05   -2.56185e+06    7.65459e+03
 Position Rest.      Potential    Kinetic En.   Total Energy  Conserved En.
    8.67538e+02   -2.23317e+06    4.20198e+05   -1.81298e+06   -2.28491e+06
    Temperature Pressure (bar)   Constr. rmsd
    2.99671e+02   -5.69582e+02    0.00000e+00

   Total Virial (kJ/mol)
    1.69623e+05    1.41452e+02   -7.13100e+01
    1.41448e+02    1.69539e+05   -6.92565e+01
   -7.13091e+01   -6.92213e+01    1.69704e+05

   Pressure (bar)
   -5.68591e+02   -2.95100e+00    1.65191e+00
   -2.95092e+00   -5.68319e+02    9.32333e-01
    1.65190e+00    9.31655e-01   -5.71837e+02

  T-Protein_PET    T-Water_SOL
    2.99766e+02    2.99670e+02


       P P   -   P M E   L O A D   B A L A N C I N G

 PP/PME load balancing changed the cut-off and PME settings:
           particle-particle                    PME
            rcoulomb  rlist            grid      spacing   1/beta
   initial  1.200 nm  1.205 nm      96  96  96   0.140 nm  0.384 nm
   final    1.202 nm  1.207 nm      84  84  84   0.160 nm  0.385 nm
 cost-ratio           1.00             0.67
 (note that these numbers concern only part of the total PP and PME load)


	M E G A - F L O P S   A C C O U N T I N G

 NB=Group-cutoff nonbonded kernels    NxN=N-by-N cluster Verlet kernels
 RF=Reaction-Field  VdW=Van der Waals  QSTab=quadratic-spline table
 W3=SPC/TIP3p  W4=TIP4p (single or pairs)
 V&F=Potential and force  V=Potential only  F=Force only

 Computing:                               M-Number         M-Flops  % Flops
-----------------------------------------------------------------------------
 Pair Search distance check            9942.971936       89486.747     0.0
 NxN Ewald Elec. + LJ [F]          10588896.635328   825933937.556    98.3
 NxN Ewald Elec. + LJ [V&F]          107171.651264    13825143.013     1.6
 1,4 nonbonded interactions             279.655593       25169.003     0.0
 Shift-X                                 84.189543         505.137     0.0
 Bonds                                   60.701214        3581.372     0.0
 Propers                                233.104662       53380.968     0.0
 Impropers                               22.550451        4690.494     0.0
 Pos. Restr.                             60.401208        3020.060     0.0
 Virial                                  84.212088        1515.818     0.0
 Stop-CM                                 84.357586         843.576     0.0
 Calc-Ekin                             1680.766086       45380.684     0.0
 Lincs                                    0.002068           0.124     0.0
 Lincs-Mat                                0.009000           0.036     0.0
 Constraint-V                             0.167869           1.511     0.0
 Settle                                   0.110534          40.898     0.0
 CMAP                                    11.100222       18870.377     0.0
 Urey-Bradley                           196.753935       36005.970     0.0
-----------------------------------------------------------------------------
 Total                                               840041573.344   100.0
-----------------------------------------------------------------------------


      R E A L   C Y C L E   A N D   T I M E   A C C O U N T I N G

On 1 MPI rank, each using 20 OpenMP threads

 Activity:              Num   Num      Call    Wall time         Giga-Cycles
                        Ranks Threads  Count      (s)         total sum    %
--------------------------------------------------------------------------------
 Neighbor search           1   20        501       6.142        330.430   2.6
 Launch PP GPU ops.        1   20      99501      10.506        565.220   4.4
 Force                     1   20      50001     126.820       6822.964  52.8
 PME GPU mesh              1   20      50001       6.822        367.039   2.8
 Wait GPU NB local         1   20      50001       1.251         67.298   0.5
 Wait GPU state copy       1   20      62003      68.256       3672.177  28.4
 NB X/F buffer ops.        1   20        501       0.576         30.994   0.2
 Write traj.               1   20        101       1.272         68.451   0.5
 Constraints               1   20          2       0.000          0.023   0.0
 Rest                                             18.373        988.446   7.7
--------------------------------------------------------------------------------
 Total                                           240.019      12913.041 100.0
--------------------------------------------------------------------------------
 Breakdown of PME mesh activities
--------------------------------------------------------------------------------
 Wait PME GPU gather       1   20      50001       0.181          9.738   0.1
 Reduce GPU PME F          1   20      50001       0.510         27.421   0.2
 Launch PME GPU ops.       1   20     400021       5.848        314.600   2.4
--------------------------------------------------------------------------------

               Core t (s)   Wall t (s)        (%)
       Time:     4800.169      240.019     1999.9
                 (ns/day)    (hour/ns)
Performance:       35.998        0.667
Finished mdrun on rank 0 Fri Jun  6 00:06:04 2025

